<?xml version="1.0" encoding="UTF-8"?>
<testsuite xmlns:xsi="http://www.w3.org/2001/XMLSchema-instance" xsi:noNamespaceSchemaLocation="https://maven.apache.org/surefire/maven-surefire-plugin/xsd/surefire-test-report-3.0.xsd" version="3.0" name="TestSuite" time="1.03" tests="6" errors="0" skipped="0" failures="0">
  <properties>
[...]
</properties>
  <testcase name="runScenario[&quot;felling lucky - google search&quot;, &quot;Optional[google search - Felling Lucky]&quot;](1)" classname="runners.SmoketestRunner" time="0.102"/>
  <testcase name="runScenario[&quot;felling lucky - google search&quot;, &quot;Optional[google search - Felling Lucky]&quot;](2)" classname="runners.SmoketestRunner" time="0.009"/>
  <testcase name="runScenario[&quot;Simple searching&quot;, &quot;Optional[performe google search]&quot;](3)" classname="runners.SmoketestRunner" time="0.01"/>
  <testcase name="runScenario[&quot;Simple searching&quot;, &quot;Optional[performe google search]&quot;](4)" classname="runners.SmoketestRunner" time="0.008"/>
  <testcase name="runScenario[&quot;searching suggested terms on google&quot;, &quot;Optional[google search for suggested terms]&quot;](5)" classname="runners.SmoketestRunner" time="0.009"/>
  <testcase name="runScenario[&quot;searching suggested terms on google&quot;, &quot;Optional[google search for suggested terms]&quot;](6)" classname="runners.SmoketestRunner" time="0.008"/>
</testsuite>